<?xml version="1.0" encoding="UTF-8"?>
<!--Sample XML file generated by XMLSPY v2004 rel. 3 U (http://www.xmlspy.com)-->
<n:alricgXML xmlns:n="http://www.die3sphaere.de/alricg" xmlns:xsi="http://www.w3.org/2001/XMLSchema-instance" xsi:schemaLocation="http://www.die3sphaere.de/alricg
alricg-schema.xsd">


<profession id="testID" name="Waldmenschen-Stammeskrieger">
	<beschreibung>
		Dieses ist ein Test!
	</beschreibung>
	<sammelbegriff>
		Krieger
	</sammelbegriff>
	<gp>10</gp>
	<aupModi>2</aupModi>
	<soMin>3</soMin>
	<soMax>4</soMax>
	<eigenschaftVoraussetzung>
		<fest eigenschaft="MU" wert="12"/>
		<fest eigenschaft="GE" wert="13"/>
		<fest eigenschaft="KO" wert="13"/>
		<fest eigenschaft="KO" wert="11"/>
	</eigenschaftVoraussetzung>
	<sonderf>
		<fest id="123"/>
		<fest id="456"/>
	</sonderf>
	<empfVorteile ids="wewe we"/>
	<empfNachteile ids="123 456 778 899 6766">
		<linkId id="Vorurteile gegen " text="Blasshäute"/>
	</empfNachteile>
	<verbilligteSonderf>
		<fest id="wewe we"/>
		<fest id="wewe we"/>
		<fest id="wewe we"/>
	</verbilligteSonderf>
	<talente>
		<fest id="Raufen" wert="3"/>
		<fest id="Akrobatik" wert="4"/>
		<auswahl modus="LISTE" werte="4">
			<option id="Blasrohr"/>
			<option id="Bogen"/>
			<option id="Wurfspeer"/>
		</auswahl>
		<auswahl modus="ANZAHL" werte="1">
			<option id="Mercenario"/>
			<option id="Unauer Schule"/>
			<option id="Hruruzat"/>
		</auswahl>
	</talente>
	<art>kriegerisch</art>
	<ausruestung>
		einfache Kleidung, ....
	</ausruestung>
	
	<besondererBesitz>
		nicht möglich
	</besondererBesitz>
</profession>


</n:alricgXML>